26-Jun-19 15:22:13 - Job Started
26-Jun-19 15:22:13 - Creating Excel...
26-Jun-19 15:22:32 - Sending Email...
26-Jun-19 15:22:42 - (535, b'5.7.3 Authentication unsuccessful [BN6PR21CA0004.namprd21.prod.outlook.com]')
26-Jun-19 15:22:42 - Job Completed
26-Jun-19 15:23:42 - Job Started
26-Jun-19 15:23:42 - Creating Excel...
26-Jun-19 15:23:59 - Sending Email...
26-Jun-19 15:24:09 - (535, b'5.7.3 Authentication unsuccessful [BN6PR03CA0104.namprd03.prod.outlook.com]')
26-Jun-19 15:24:09 - Job Completed
26-Jun-19 15:25:09 - Job Started
26-Jun-19 15:25:09 - Creating Excel...
26-Jun-19 15:25:24 - Sending Email...
26-Jun-19 15:25:34 - (535, b'5.7.3 Authentication unsuccessful [BN6PR19CA0062.namprd19.prod.outlook.com]')
26-Jun-19 15:25:34 - Job Completed
26-Jun-19 15:26:34 - Job Started
26-Jun-19 15:26:34 - Creating Excel...
26-Jun-19 15:26:52 - Sending Email...
26-Jun-19 15:27:02 - (535, b'5.7.3 Authentication unsuccessful [BN6PR12CA0027.namprd12.prod.outlook.com]')
26-Jun-19 15:27:02 - Job Completed
26-Jun-19 15:28:02 - Job Started
26-Jun-19 15:28:02 - Creating Excel...
26-Jun-19 15:28:21 - Sending Email...
26-Jun-19 15:28:32 - (535, b'5.7.3 Authentication unsuccessful [BN8PR16CA0006.namprd16.prod.outlook.com]')
26-Jun-19 15:28:32 - Job Completed
26-Jun-19 15:29:32 - Job Started
26-Jun-19 15:29:32 - Creating Excel...
26-Jun-19 15:29:43 - Sending Email...
26-Jun-19 15:29:52 - (535, b'5.7.3 Authentication unsuccessful [BN6PR12CA0038.namprd12.prod.outlook.com]')
26-Jun-19 15:29:52 - Job Completed
26-Jun-19 15:30:52 - Job Started
26-Jun-19 15:30:52 - Creating Excel...
26-Jun-19 15:31:07 - Sending Email...
26-Jun-19 15:31:17 - (535, b'5.7.3 Authentication unsuccessful [BN6PR2201CA0001.namprd22.prod.outlook.com]')
26-Jun-19 15:31:17 - Job Completed
26-Jun-19 15:32:17 - Job Started
26-Jun-19 15:32:17 - Creating Excel...
26-Jun-19 15:32:31 - Sending Email...
26-Jun-19 15:32:40 - (535, b'5.7.3 Authentication unsuccessful [BN6PR12CA0036.namprd12.prod.outlook.com]')
26-Jun-19 15:32:41 - Job Completed
26-Jun-19 15:33:41 - Job Started
26-Jun-19 15:33:41 - Creating Excel...
26-Jun-19 15:33:56 - Sending Email...
26-Jun-19 15:34:06 - (535, b'5.7.3 Authentication unsuccessful [BN6PR20CA0051.namprd20.prod.outlook.com]')
26-Jun-19 15:34:06 - Job Completed
26-Jun-19 15:35:06 - Job Started
26-Jun-19 15:35:06 - Creating Excel...
26-Jun-19 15:35:17 - Sending Email...
26-Jun-19 15:35:27 - (535, b'5.7.3 Authentication unsuccessful [BN6PR10CA0013.namprd10.prod.outlook.com]')
26-Jun-19 15:35:27 - Job Completed
26-Jun-19 15:36:27 - Job Started
26-Jun-19 15:36:27 - Creating Excel...
26-Jun-19 15:36:41 - Sending Email...
26-Jun-19 15:36:51 - (535, b'5.7.3 Authentication unsuccessful [BN6PR2001CA0026.namprd20.prod.outlook.com]')
26-Jun-19 15:36:52 - Job Completed
26-Jun-19 15:37:52 - Job Started
26-Jun-19 15:37:52 - Creating Excel...
26-Jun-19 15:38:09 - Sending Email...
26-Jun-19 15:38:18 - (535, b'5.7.3 Authentication unsuccessful [BN6PR11CA0044.namprd11.prod.outlook.com]')
26-Jun-19 15:38:18 - Job Completed
